0 verbose cli /usr/bin/node /home/she1lob/.local/share/pnpm/global/5/.pnpm/npm@11.3.0/node_modules/npm/bin/npm-cli.js
1 info using npm@11.3.0
2 info using node@v22.14.0
3 silly config load:file:/home/she1lob/.local/share/pnpm/global/5/.pnpm/npm@11.3.0/node_modules/npm/npmrc
4 silly config load:file:/home/she1lob/Projects/szpitaloborniki/.npmrc
5 silly config load:file:/usr/etc/npmrc
6 verbose title npm outdated
7 verbose argv "outdated" "--json"
8 verbose logfile logs-max:10 dir:/home/she1lob/Projects/szpitaloborniki/.npm/_logs/2025-04-24T07_45_08_466Z-
9 verbose logfile /home/she1lob/Projects/szpitaloborniki/.npm/_logs/2025-04-24T07_45_08_466Z-debug-0.log
10 silly logfile done cleaning log files
11 silly packumentCache heap:4345298944 maxSize:1086324736 maxEntrySize:543162368
12 http fetch GET 200 https://registry.npmjs.org/clsx 238ms (cache updated)
13 http fetch GET 200 https://registry.npmjs.org/tailwindcss-animate 270ms (cache updated)
14 http fetch GET 200 https://registry.npmjs.org/@radix-ui%2freact-slot 277ms (cache updated)
15 http fetch GET 200 https://registry.npmjs.org/@tailwindcss%2fvite 278ms (cache updated)
16 http fetch GET 200 https://registry.npmjs.org/class-variance-authority 292ms (cache updated)
17 http fetch GET 200 https://registry.npmjs.org/@vitejs%2fplugin-react 297ms (cache updated)
18 http fetch GET 200 https://registry.npmjs.org/concurrently 302ms (cache updated)
19 http fetch GET 200 https://registry.npmjs.org/@radix-ui%2freact-avatar 315ms (cache updated)
20 http fetch GET 200 https://registry.npmjs.org/@radix-ui%2freact-navigation-menu 322ms (cache updated)
21 http fetch GET 200 https://registry.npmjs.org/@types%2freact-dom 321ms (cache updated)
22 http fetch GET 200 https://registry.npmjs.org/laravel-vite-plugin 329ms (cache updated)
23 http fetch GET 200 https://registry.npmjs.org/@radix-ui%2freact-dialog 340ms (cache updated)
24 http fetch GET 200 https://registry.npmjs.org/lightningcss-linux-x64-gnu 347ms (cache updated)
25 http fetch GET 200 https://registry.npmjs.org/@radix-ui%2freact-toggle 354ms (cache updated)
26 http fetch GET 200 https://registry.npmjs.org/@radix-ui%2freact-toggle-group 360ms (cache updated)
27 http fetch GET 200 https://registry.npmjs.org/globals 359ms (cache updated)
28 http fetch GET 200 https://registry.npmjs.org/@radix-ui%2freact-tooltip 369ms (cache updated)
29 http fetch GET 200 https://registry.npmjs.org/@radix-ui%2freact-checkbox 378ms (cache updated)
30 http fetch GET 200 https://registry.npmjs.org/@eslint%2fjs 372ms (cache updated)
31 http fetch GET 200 https://registry.npmjs.org/@radix-ui%2freact-select 380ms (cache updated)
32 http fetch GET 200 https://registry.npmjs.org/tailwind-merge 381ms (cache updated)
33 http fetch GET 200 https://registry.npmjs.org/prettier-plugin-organize-imports 381ms (cache updated)
34 http fetch GET 200 https://registry.npmjs.org/@radix-ui%2freact-dropdown-menu 392ms (cache updated)
35 http fetch GET 200 https://registry.npmjs.org/@radix-ui%2freact-label 394ms (cache updated)
36 http fetch GET 200 https://registry.npmjs.org/@types%2freact 398ms (cache updated)
37 http fetch GET 200 https://registry.npmjs.org/@radix-ui%2freact-collapsible 411ms (cache updated)
38 http fetch GET 200 https://registry.npmjs.org/@headlessui%2freact 417ms (cache updated)
39 http fetch GET 200 https://registry.npmjs.org/@rollup%2frollup-linux-x64-gnu 419ms (cache updated)
40 http fetch GET 200 https://registry.npmjs.org/eslint-config-prettier 425ms (cache updated)
41 http fetch GET 200 https://registry.npmjs.org/eslint-plugin-react 445ms (cache updated)
42 http fetch GET 200 https://registry.npmjs.org/eslint 494ms (cache updated)
43 http fetch GET 200 https://registry.npmjs.org/lucide-react 521ms (cache updated)
44 http fetch GET 200 https://registry.npmjs.org/prettier 531ms (cache updated)
45 http fetch GET 200 https://registry.npmjs.org/vite 543ms (cache updated)
46 http fetch GET 200 https://registry.npmjs.org/@tailwindcss%2foxide-linux-x64-gnu 559ms (cache updated)
47 http fetch GET 200 https://registry.npmjs.org/@radix-ui%2freact-separator 579ms (cache updated)
48 http fetch GET 200 https://registry.npmjs.org/prettier-plugin-tailwindcss 571ms (cache updated)
49 http fetch GET 200 https://registry.npmjs.org/typescript-eslint 583ms (cache updated)
50 http fetch GET 200 https://registry.npmjs.org/react 811ms (cache updated)
51 http fetch GET 200 https://registry.npmjs.org/tailwindcss 824ms (cache updated)
52 http fetch GET 200 https://registry.npmjs.org/@inertiajs%2freact 861ms (cache updated)
53 http fetch GET 200 https://registry.npmjs.org/eslint-plugin-react-hooks 861ms (cache updated)
54 http fetch GET 200 https://registry.npmjs.org/@types%2fnode 887ms (cache updated)
55 http fetch GET 200 https://registry.npmjs.org/typescript 975ms (cache updated)
56 http fetch GET 200 https://registry.npmjs.org/react-dom 1032ms (cache updated)
57 verbose cwd /home/she1lob/Projects/szpitaloborniki
58 verbose os Linux 6.14.3-2-cachyos
59 verbose node v22.14.0
60 verbose npm  v11.3.0
61 verbose exit 1
62 verbose code 1
