0 verbose cli /usr/bin/node /home/she1lob/.local/share/pnpm/global/5/.pnpm/npm@11.3.0/node_modules/npm/bin/npm-cli.js
1 info using npm@11.3.0
2 info using node@v22.14.0
3 silly config load:file:/home/she1lob/.local/share/pnpm/global/5/.pnpm/npm@11.3.0/node_modules/npm/npmrc
4 silly config load:file:/home/she1lob/Projects/szpitaloborniki/.npmrc
5 silly config load:file:/usr/etc/npmrc
6 verbose title npm outdated
7 verbose argv "outdated" "--json"
8 verbose logfile logs-max:10 dir:/home/she1lob/Projects/szpitaloborniki/.npm/_logs/2025-04-24T07_44_10_041Z-
9 verbose logfile /home/she1lob/Projects/szpitaloborniki/.npm/_logs/2025-04-24T07_44_10_041Z-debug-0.log
10 silly logfile done cleaning log files
11 silly packumentCache heap:4345298944 maxSize:1086324736 maxEntrySize:543162368
12 verbose shrinkwrap failed to load node_modules/.package-lock.json out of date, updated: node_modules
13 http fetch GET 200 https://registry.npmjs.org/npm 243ms
14 http fetch GET 200 https://registry.npmjs.org/@headlessui%2freact 136ms (cache miss)
15 http fetch GET 200 https://registry.npmjs.org/@radix-ui%2freact-label 173ms (cache miss)
16 http fetch GET 200 https://registry.npmjs.org/@inertiajs%2freact 178ms (cache miss)
17 http fetch GET 200 https://registry.npmjs.org/@radix-ui%2freact-collapsible 206ms (cache miss)
18 http fetch GET 200 https://registry.npmjs.org/@radix-ui%2freact-checkbox 213ms (cache miss)
19 http fetch GET 200 https://registry.npmjs.org/class-variance-authority 230ms (cache miss)
20 http fetch GET 200 https://registry.npmjs.org/clsx 234ms (cache miss)
21 http fetch GET 200 https://registry.npmjs.org/@radix-ui%2freact-dialog 242ms (cache miss)
22 http fetch GET 200 https://registry.npmjs.org/@radix-ui%2freact-slot 253ms (cache miss)
23 http fetch GET 200 https://registry.npmjs.org/globals 252ms (cache miss)
24 http fetch GET 200 https://registry.npmjs.org/@radix-ui%2freact-toggle-group 256ms (cache miss)
25 http fetch GET 200 https://registry.npmjs.org/@tailwindcss%2fvite 259ms (cache miss)
26 http fetch GET 200 https://registry.npmjs.org/@types%2freact-dom 263ms (cache miss)
27 http fetch GET 200 https://registry.npmjs.org/tailwindcss-animate 263ms (cache miss)
28 http fetch GET 200 https://registry.npmjs.org/laravel-vite-plugin 267ms (cache miss)
29 http fetch GET 200 https://registry.npmjs.org/@vitejs%2fplugin-react 269ms (cache miss)
30 http fetch GET 200 https://registry.npmjs.org/@radix-ui%2freact-separator 272ms (cache miss)
31 http fetch GET 200 https://registry.npmjs.org/concurrently 271ms (cache miss)
32 http fetch GET 200 https://registry.npmjs.org/@radix-ui%2freact-toggle 276ms (cache miss)
33 http fetch GET 200 https://registry.npmjs.org/@radix-ui%2freact-dropdown-menu 286ms (cache miss)
34 http fetch GET 200 https://registry.npmjs.org/lightningcss-linux-x64-gnu 281ms (cache miss)
35 http fetch GET 200 https://registry.npmjs.org/@radix-ui%2freact-avatar 291ms (cache miss)
36 http fetch GET 200 https://registry.npmjs.org/@radix-ui%2freact-select 292ms (cache miss)
37 http fetch GET 200 https://registry.npmjs.org/@eslint%2fjs 289ms (cache miss)
38 http fetch GET 200 https://registry.npmjs.org/@rollup%2frollup-linux-x64-gnu 294ms (cache miss)
39 http fetch GET 200 https://registry.npmjs.org/@radix-ui%2freact-navigation-menu 301ms (cache miss)
40 http fetch GET 200 https://registry.npmjs.org/eslint-config-prettier 297ms (cache miss)
41 http fetch GET 200 https://registry.npmjs.org/@radix-ui%2freact-tooltip 305ms (cache miss)
42 http fetch GET 200 https://registry.npmjs.org/tailwind-merge 307ms (cache miss)
43 http fetch GET 200 https://registry.npmjs.org/@types%2freact 314ms (cache miss)
44 http fetch GET 200 https://registry.npmjs.org/eslint-plugin-react 336ms (cache miss)
45 http fetch GET 200 https://registry.npmjs.org/prettier 364ms (cache miss)
46 http fetch GET 200 https://registry.npmjs.org/prettier-plugin-organize-imports 383ms (cache miss)
47 http fetch GET 200 https://registry.npmjs.org/prettier-plugin-tailwindcss 383ms (cache miss)
48 http fetch GET 200 https://registry.npmjs.org/lucide-react 400ms (cache miss)
49 http fetch GET 200 https://registry.npmjs.org/eslint 423ms (cache miss)
50 http fetch GET 200 https://registry.npmjs.org/vite 464ms (cache miss)
51 http fetch GET 200 https://registry.npmjs.org/typescript-eslint 475ms (cache miss)
52 http fetch GET 200 https://registry.npmjs.org/@tailwindcss%2foxide-linux-x64-gnu 511ms (cache miss)
53 http fetch GET 200 https://registry.npmjs.org/react-dom 755ms (cache miss)
54 http fetch GET 200 https://registry.npmjs.org/tailwindcss 770ms (cache miss)
55 http fetch GET 200 https://registry.npmjs.org/@types%2fnode 791ms (cache miss)
56 http fetch GET 200 https://registry.npmjs.org/eslint-plugin-react-hooks 805ms (cache miss)
57 http fetch GET 200 https://registry.npmjs.org/typescript 910ms (cache miss)
58 http fetch GET 200 https://registry.npmjs.org/react 1004ms (cache miss)
59 verbose cwd /home/she1lob/Projects/szpitaloborniki
60 verbose os Linux 6.14.3-2-cachyos
61 verbose node v22.14.0
62 verbose npm  v11.3.0
63 verbose exit 1
64 verbose code 1
