0 verbose cli /usr/bin/node /home/she1lob/.local/share/pnpm/global/5/.pnpm/npm@11.3.0/node_modules/npm/bin/npm-cli.js
1 info using npm@11.3.0
2 info using node@v22.14.0
3 silly config load:file:/home/she1lob/.local/share/pnpm/global/5/.pnpm/npm@11.3.0/node_modules/npm/npmrc
4 silly config load:file:/home/she1lob/Projects/szpitaloborniki/.npmrc
5 silly config load:file:/usr/etc/npmrc
6 verbose title npm outdated
7 verbose argv "outdated" "--json"
8 verbose logfile logs-max:10 dir:/home/she1lob/Projects/szpitaloborniki/.npm/_logs/2025-04-24T09_02_28_896Z-
9 verbose logfile /home/she1lob/Projects/szpitaloborniki/.npm/_logs/2025-04-24T09_02_28_896Z-debug-0.log
10 silly logfile done cleaning log files
11 silly packumentCache heap:4345298944 maxSize:1086324736 maxEntrySize:543162368
12 http fetch GET 200 https://registry.npmjs.org/class-variance-authority 168ms (cache updated)
13 http fetch GET 200 https://registry.npmjs.org/@radix-ui%2freact-slot 227ms (cache updated)
14 http fetch GET 200 https://registry.npmjs.org/@radix-ui%2freact-toggle-group 241ms (cache updated)
15 http fetch GET 200 https://registry.npmjs.org/@radix-ui%2freact-label 245ms (cache updated)
16 http fetch GET 200 https://registry.npmjs.org/concurrently 249ms (cache updated)
17 http fetch GET 200 https://registry.npmjs.org/@radix-ui%2freact-select 260ms (cache updated)
18 http fetch GET 200 https://registry.npmjs.org/@radix-ui%2freact-checkbox 267ms (cache updated)
19 http fetch GET 200 https://registry.npmjs.org/@radix-ui%2freact-navigation-menu 269ms (cache updated)
20 http fetch GET 200 https://registry.npmjs.org/@radix-ui%2freact-separator 273ms (cache updated)
21 http fetch GET 200 https://registry.npmjs.org/@radix-ui%2freact-collapsible 281ms (cache updated)
22 http fetch GET 200 https://registry.npmjs.org/@radix-ui%2freact-dropdown-menu 283ms (cache updated)
23 http fetch GET 200 https://registry.npmjs.org/clsx 282ms (cache updated)
24 http fetch GET 200 https://registry.npmjs.org/@tailwindcss%2fvite 287ms (cache updated)
25 http fetch GET 200 https://registry.npmjs.org/@radix-ui%2freact-tooltip 290ms (cache updated)
26 http fetch GET 200 https://registry.npmjs.org/@types%2freact 292ms (cache updated)
27 http fetch GET 200 https://registry.npmjs.org/@radix-ui%2freact-toggle 301ms (cache updated)
28 http fetch GET 200 https://registry.npmjs.org/tailwindcss-animate 351ms (cache updated)
29 http fetch GET 200 https://registry.npmjs.org/@vitejs%2fplugin-react 355ms (cache updated)
30 http fetch GET 200 https://registry.npmjs.org/laravel-vite-plugin 365ms (cache updated)
31 http fetch GET 200 https://registry.npmjs.org/@types%2freact-dom 374ms (cache updated)
32 http fetch GET 200 https://registry.npmjs.org/eslint-config-prettier 422ms (cache updated)
33 http fetch GET 200 https://registry.npmjs.org/@eslint%2fjs 426ms (cache updated)
34 http fetch GET 200 https://registry.npmjs.org/tailwind-merge 429ms (cache updated)
35 http fetch GET 200 https://registry.npmjs.org/lucide-react 446ms (cache updated)
36 http fetch GET 200 https://registry.npmjs.org/@tailwindcss%2foxide-linux-x64-gnu 448ms (cache updated)
37 http fetch GET 200 https://registry.npmjs.org/@headlessui%2freact 462ms (cache updated)
38 http fetch GET 200 https://registry.npmjs.org/lightningcss-linux-x64-gnu 464ms (cache updated)
39 http fetch GET 200 https://registry.npmjs.org/eslint-plugin-react 479ms (cache updated)
40 http fetch GET 200 https://registry.npmjs.org/@radix-ui%2freact-dialog 517ms (cache updated)
41 http fetch GET 200 https://registry.npmjs.org/prettier-plugin-tailwindcss 522ms (cache updated)
42 http fetch GET 200 https://registry.npmjs.org/prettier-plugin-organize-imports 527ms (cache updated)
43 http fetch GET 200 https://registry.npmjs.org/globals 583ms (cache updated)
44 http fetch GET 200 https://registry.npmjs.org/@rollup%2frollup-linux-x64-gnu 613ms (cache updated)
45 http fetch GET 200 https://registry.npmjs.org/@radix-ui%2freact-avatar 625ms (cache updated)
46 http fetch GET 200 https://registry.npmjs.org/prettier 615ms (cache updated)
47 http fetch GET 200 https://registry.npmjs.org/eslint 622ms (cache updated)
48 http fetch GET 200 https://registry.npmjs.org/typescript-eslint 663ms (cache updated)
49 http fetch GET 200 https://registry.npmjs.org/vite 672ms (cache updated)
50 http fetch GET 200 https://registry.npmjs.org/react-dom 733ms (cache updated)
51 http fetch GET 200 https://registry.npmjs.org/react 821ms (cache updated)
52 http fetch GET 200 https://registry.npmjs.org/eslint-plugin-react-hooks 850ms (cache updated)
53 http fetch GET 200 https://registry.npmjs.org/@types%2fnode 912ms (cache updated)
54 http fetch GET 200 https://registry.npmjs.org/tailwindcss 922ms (cache updated)
55 http fetch GET 200 https://registry.npmjs.org/typescript 1000ms (cache updated)
56 http fetch GET 200 https://registry.npmjs.org/@inertiajs%2freact 1381ms (cache updated)
57 verbose cwd /home/she1lob/Projects/szpitaloborniki
58 verbose os Linux 6.14.3-2-cachyos
59 verbose node v22.14.0
60 verbose npm  v11.3.0
61 verbose exit 1
62 verbose code 1
