0 verbose cli /home/she1lob/.nvm/versions/node/v22.11.0/bin/node /home/she1lob/.nvm/versions/node/v22.11.0/bin/npm
1 info using npm@11.0.0
2 info using node@v22.11.0
3 silly config load:file:/home/she1lob/.nvm/versions/node/v22.11.0/lib/node_modules/npm/npmrc
4 silly config load:file:/home/she1lob/Projects/szpitaloborniki/.npmrc
5 silly config load:file:/home/she1lob/.nvm/versions/node/v22.11.0/etc/npmrc
6 verbose title npm outdated
7 verbose argv "outdated" "--json"
8 verbose logfile logs-max:10 dir:/home/she1lob/Projects/szpitaloborniki/.npm/_logs/2025-04-26T22_08_45_686Z-
9 verbose logfile /home/she1lob/Projects/szpitaloborniki/.npm/_logs/2025-04-26T22_08_45_686Z-debug-0.log
10 silly logfile done cleaning log files
11 silly packumentCache heap:4345298944 maxSize:1086324736 maxEntrySize:543162368
12 http fetch GET 200 https://registry.npmjs.org/@types%2freact-dom 302ms (cache updated)
13 http fetch GET 200 https://registry.npmjs.org/@radix-ui%2freact-checkbox 327ms (cache updated)
14 http fetch GET 200 https://registry.npmjs.org/@radix-ui%2freact-toggle 328ms (cache updated)
15 http fetch GET 200 https://registry.npmjs.org/@radix-ui%2freact-menubar 336ms (cache miss)
16 http fetch GET 200 https://registry.npmjs.org/@vitejs%2fplugin-react 336ms (cache updated)
17 http fetch GET 200 https://registry.npmjs.org/@radix-ui%2freact-dialog 356ms (cache updated)
18 http fetch GET 200 https://registry.npmjs.org/@radix-ui%2freact-label 362ms (cache updated)
19 http fetch GET 200 https://registry.npmjs.org/@radix-ui%2freact-avatar 374ms (cache updated)
20 http fetch GET 200 https://registry.npmjs.org/@radix-ui%2freact-slot 374ms (cache updated)
21 http fetch GET 200 https://registry.npmjs.org/@types%2freact 376ms (cache updated)
22 http fetch GET 200 https://registry.npmjs.org/@radix-ui%2freact-separator 381ms (cache updated)
23 http fetch GET 200 https://registry.npmjs.org/@radix-ui%2freact-select 382ms (cache updated)
24 http fetch GET 200 https://registry.npmjs.org/@radix-ui%2freact-navigation-menu 395ms (cache updated)
25 http fetch GET 200 https://registry.npmjs.org/class-variance-authority 404ms (cache updated)
26 http fetch GET 200 https://registry.npmjs.org/@headlessui%2freact 414ms (cache updated)
27 http fetch GET 200 https://registry.npmjs.org/laravel-vite-plugin 412ms (cache updated)
28 http fetch GET 200 https://registry.npmjs.org/clsx 426ms (cache updated)
29 http fetch GET 200 https://registry.npmjs.org/globals 431ms (cache updated)
30 http fetch GET 200 https://registry.npmjs.org/concurrently 437ms (cache updated)
31 http fetch GET 200 https://registry.npmjs.org/@radix-ui%2freact-toggle-group 445ms (cache updated)
32 http fetch GET 200 https://registry.npmjs.org/@radix-ui%2freact-collapsible 454ms (cache updated)
33 http fetch GET 200 https://registry.npmjs.org/@radix-ui%2freact-tooltip 457ms (cache updated)
34 http fetch GET 200 https://registry.npmjs.org/lucide-react 456ms (cache updated)
35 http fetch GET 200 https://registry.npmjs.org/@tailwindcss%2fvite 478ms (cache updated)
36 http fetch GET 200 https://registry.npmjs.org/eslint-config-prettier 481ms (cache updated)
37 http fetch GET 200 https://registry.npmjs.org/tailwind-merge 495ms (cache updated)
38 http fetch GET 200 https://registry.npmjs.org/@rollup%2frollup-linux-x64-gnu 523ms (cache updated)
39 http fetch GET 200 https://registry.npmjs.org/tailwindcss-animate 526ms (cache updated)
40 http fetch GET 200 https://registry.npmjs.org/@radix-ui%2freact-dropdown-menu 535ms (cache updated)
41 http fetch GET 200 https://registry.npmjs.org/eslint-plugin-react 532ms (cache updated)
42 http fetch GET 200 https://registry.npmjs.org/@eslint%2fjs 541ms (cache updated)
43 http fetch GET 200 https://registry.npmjs.org/vite 548ms (cache updated)
44 http fetch GET 200 https://registry.npmjs.org/prettier-plugin-organize-imports 567ms (cache updated)
45 http fetch GET 200 https://registry.npmjs.org/eslint 571ms (cache updated)
46 http fetch GET 200 https://registry.npmjs.org/react 597ms (cache updated)
47 http fetch GET 200 https://registry.npmjs.org/@tailwindcss%2foxide-linux-x64-gnu 617ms (cache updated)
48 http fetch GET 200 https://registry.npmjs.org/prettier-plugin-tailwindcss 635ms (cache updated)
49 http fetch GET 200 https://registry.npmjs.org/typescript-eslint 657ms (cache updated)
50 http fetch GET 200 https://registry.npmjs.org/react-dom 671ms (cache updated)
51 http fetch GET 200 https://registry.npmjs.org/tailwindcss 683ms (cache updated)
52 http fetch GET 200 https://registry.npmjs.org/@types%2fnode 716ms (cache updated)
53 http fetch GET 200 https://registry.npmjs.org/eslint-plugin-react-hooks 733ms (cache updated)
54 http fetch GET 200 https://registry.npmjs.org/typescript 762ms (cache updated)
55 http fetch GET 200 https://registry.npmjs.org/prettier 797ms (cache updated)
56 http fetch GET 200 https://registry.npmjs.org/lightningcss-linux-x64-gnu 1062ms (cache updated)
57 http fetch GET 200 https://registry.npmjs.org/@inertiajs%2freact 1420ms (cache updated)
58 verbose cwd /home/she1lob/Projects/szpitaloborniki
59 verbose os Linux 6.14.4-2-cachyos
60 verbose node v22.11.0
61 verbose npm  v11.0.0
62 verbose exit 1
63 verbose code 1
