0 verbose cli /home/she1lob/.nvm/versions/node/v22.11.0/bin/node /home/she1lob/.nvm/versions/node/v22.11.0/bin/npm
1 info using npm@11.3.0
2 info using node@v22.11.0
3 silly config load:file:/home/she1lob/.nvm/versions/node/v22.11.0/lib/node_modules/npm/npmrc
4 silly config load:file:/home/she1lob/Projects/szpitaloborniki/.npmrc
5 silly config load:file:/home/she1lob/.nvm/versions/node/v22.11.0/etc/npmrc
6 verbose title npm outdated
7 verbose argv "outdated" "--json"
8 verbose logfile logs-max:10 dir:/home/she1lob/Projects/szpitaloborniki/.npm/_logs/2025-04-30T20_26_31_993Z-
9 verbose logfile /home/she1lob/Projects/szpitaloborniki/.npm/_logs/2025-04-30T20_26_31_993Z-debug-0.log
10 silly logfile done cleaning log files
11 silly packumentCache heap:4345298944 maxSize:1086324736 maxEntrySize:543162368
12 http fetch GET 200 https://registry.npmjs.org/embla-carousel-react 251ms (cache miss)
13 http fetch GET 200 https://registry.npmjs.org/embla-carousel-autoplay 263ms (cache miss)
14 http fetch GET 200 https://registry.npmjs.org/@radix-ui%2freact-separator 283ms (cache updated)
15 http fetch GET 200 https://registry.npmjs.org/@radix-ui%2freact-menubar 290ms (cache updated)
16 http fetch GET 200 https://registry.npmjs.org/@radix-ui%2freact-select 297ms (cache updated)
17 http fetch GET 200 https://registry.npmjs.org/@radix-ui%2freact-slot 324ms (cache updated)
18 http fetch GET 200 https://registry.npmjs.org/@radix-ui%2freact-navigation-menu 329ms (cache updated)
19 http fetch GET 200 https://registry.npmjs.org/@radix-ui%2freact-label 347ms (cache updated)
20 http fetch GET 200 https://registry.npmjs.org/@radix-ui%2freact-dropdown-menu 351ms (cache updated)
21 http fetch GET 200 https://registry.npmjs.org/@radix-ui%2freact-dialog 360ms (cache updated)
22 http fetch GET 200 https://registry.npmjs.org/@radix-ui%2freact-checkbox 364ms (cache updated)
23 http fetch GET 200 https://registry.npmjs.org/@radix-ui%2freact-avatar 367ms (cache updated)
24 http fetch GET 200 https://registry.npmjs.org/@radix-ui%2freact-collapsible 368ms (cache updated)
25 http fetch GET 200 https://registry.npmjs.org/@radix-ui%2freact-toggle-group 372ms (cache updated)
26 http fetch GET 200 https://registry.npmjs.org/clsx 376ms (cache updated)
27 http fetch GET 200 https://registry.npmjs.org/@types%2freact 385ms (cache updated)
28 http fetch GET 200 https://registry.npmjs.org/@types%2freact-dom 388ms (cache updated)
29 http fetch GET 200 https://registry.npmjs.org/class-variance-authority 394ms (cache updated)
30 http fetch GET 200 https://registry.npmjs.org/@tailwindcss%2fvite 395ms (cache updated)
31 http fetch GET 200 https://registry.npmjs.org/@radix-ui%2freact-toggle 397ms (cache updated)
32 http fetch GET 200 https://registry.npmjs.org/@vitejs%2fplugin-react 399ms (cache updated)
33 http fetch GET 200 https://registry.npmjs.org/laravel-vite-plugin 402ms (cache updated)
34 http fetch GET 200 https://registry.npmjs.org/@radix-ui%2freact-tooltip 407ms (cache updated)
35 http fetch GET 200 https://registry.npmjs.org/globals 408ms (cache updated)
36 http fetch GET 200 https://registry.npmjs.org/lucide-react 445ms (cache updated)
37 http fetch GET 200 https://registry.npmjs.org/tailwindcss-animate 458ms (cache updated)
38 http fetch GET 200 https://registry.npmjs.org/tailwind-merge 472ms (cache updated)
39 http fetch GET 200 https://registry.npmjs.org/concurrently 492ms (cache updated)
40 http fetch GET 200 https://registry.npmjs.org/lightningcss-linux-x64-gnu 495ms (cache updated)
41 http fetch GET 200 https://registry.npmjs.org/@rollup%2frollup-linux-x64-gnu 562ms (cache updated)
42 http fetch GET 200 https://registry.npmjs.org/@eslint%2fjs 570ms (cache updated)
43 http fetch GET 200 https://registry.npmjs.org/prettier 578ms (cache updated)
44 http fetch GET 200 https://registry.npmjs.org/react-dom 594ms (cache updated)
45 http fetch GET 200 https://registry.npmjs.org/prettier-plugin-organize-imports 608ms (cache updated)
46 http fetch GET 200 https://registry.npmjs.org/eslint-config-prettier 612ms (cache updated)
47 http fetch GET 200 https://registry.npmjs.org/@tailwindcss%2foxide-linux-x64-gnu 621ms (cache updated)
48 http fetch GET 200 https://registry.npmjs.org/eslint 647ms (cache updated)
49 http fetch GET 200 https://registry.npmjs.org/react 660ms (cache updated)
50 http fetch GET 200 https://registry.npmjs.org/tailwindcss 667ms (cache updated)
51 http fetch GET 200 https://registry.npmjs.org/eslint-plugin-react 690ms (cache updated)
52 http fetch GET 200 https://registry.npmjs.org/typescript-eslint 698ms (cache updated)
53 http fetch GET 200 https://registry.npmjs.org/prettier-plugin-tailwindcss 705ms (cache updated)
54 http fetch GET 200 https://registry.npmjs.org/eslint-plugin-react-hooks 716ms (cache updated)
55 http fetch GET 200 https://registry.npmjs.org/vite 734ms (cache updated)
56 http fetch GET 200 https://registry.npmjs.org/@types%2fnode 749ms (cache updated)
57 http fetch GET 200 https://registry.npmjs.org/typescript 767ms (cache updated)
58 http fetch GET 200 https://registry.npmjs.org/@headlessui%2freact 967ms (cache updated)
59 http fetch GET 200 https://registry.npmjs.org/@inertiajs%2freact 1366ms (cache updated)
60 verbose cwd /home/she1lob/Projects/szpitaloborniki
61 verbose os Linux 6.14.4-2-cachyos
62 verbose node v22.11.0
63 verbose npm  v11.3.0
64 verbose exit 1
65 verbose code 1
